[17:02:27] [main/INFO] [GradleStart]: No arguments specified, assuming client.
[17:02:27] [main/INFO] [GradleStart]: Extra: []
[17:02:27] [main/INFO] [GradleStart]: Running with arguments: [--userProperties, {}, --tweakClass, cpw.mods.fml.common.launcher.FMLTweaker, --accessToken, {REDACTED}, --assetIndex, 1.7.10, --assetsDir, C:/Users/Habib/.gradle/caches/minecraft/assets, --version, 1.7.10]
[17:02:27] [main/INFO] [LaunchWrapper]: Loading tweak class name cpw.mods.fml.common.launcher.FMLTweaker
[17:02:27] [main/INFO] [LaunchWrapper]: Using primary tweak class name cpw.mods.fml.common.launcher.FMLTweaker
[17:02:27] [main/INFO] [LaunchWrapper]: Calling tweak class cpw.mods.fml.common.launcher.FMLTweaker
[17:06:55] [main/INFO] [GradleStart]: No arguments specified, assuming client.
[17:06:55] [main/INFO] [GradleStart]: Extra: []
[17:06:55] [main/INFO] [GradleStart]: Running with arguments: [--userProperties, {}, --tweakClass, cpw.mods.fml.common.launcher.FMLTweaker, --accessToken, {REDACTED}, --assetIndex, 1.7.10, --assetsDir, C:/Users/Habib/.gradle/caches/minecraft/assets, --version, 1.7.10]
[17:06:55] [main/INFO] [LaunchWrapper]: Loading tweak class name cpw.mods.fml.common.launcher.FMLTweaker
[17:06:55] [main/INFO] [LaunchWrapper]: Using primary tweak class name cpw.mods.fml.common.launcher.FMLTweaker
[17:06:55] [main/INFO] [LaunchWrapper]: Calling tweak class cpw.mods.fml.common.launcher.FMLTweaker
[17:08:11] [main/INFO] [GradleStart]: No arguments specified, assuming client.
[17:08:11] [main/INFO] [GradleStart]: Extra: []
[17:08:11] [main/INFO] [GradleStart]: Running with arguments: [--userProperties, {}, --tweakClass, cpw.mods.fml.common.launcher.FMLTweaker, --accessToken, {REDACTED}, --assetIndex, 1.7.10, --assetsDir, C:/Users/Habib/.gradle/caches/minecraft/assets, --version, 1.7.10]
[17:08:11] [main/INFO] [LaunchWrapper]: Loading tweak class name cpw.mods.fml.common.launcher.FMLTweaker
[17:08:11] [main/INFO] [LaunchWrapper]: Using primary tweak class name cpw.mods.fml.common.launcher.FMLTweaker
[17:08:11] [main/INFO] [LaunchWrapper]: Calling tweak class cpw.mods.fml.common.launcher.FMLTweaker
[17:10:58] [main/INFO] [GradleStart]: No arguments specified, assuming client.
[17:10:58] [main/INFO] [GradleStart]: Extra: []
[17:10:58] [main/INFO] [GradleStart]: Running with arguments: [--userProperties, {}, --tweakClass, cpw.mods.fml.common.launcher.FMLTweaker, --accessToken, {REDACTED}, --assetIndex, 1.7.10, --assetsDir, C:/Users/Habib/.gradle/caches/minecraft/assets, --version, 1.7.10]
[17:10:58] [main/INFO] [LaunchWrapper]: Loading tweak class name cpw.mods.fml.common.launcher.FMLTweaker
[17:10:58] [main/INFO] [LaunchWrapper]: Using primary tweak class name cpw.mods.fml.common.launcher.FMLTweaker
[17:10:58] [main/INFO] [LaunchWrapper]: Calling tweak class cpw.mods.fml.common.launcher.FMLTweaker
[17:14:15] [main/INFO] [GradleStart]: No arguments specified, assuming client.
[17:14:15] [main/INFO] [GradleStart]: Extra: []
[17:14:15] [main/INFO] [GradleStart]: Running with arguments: [--userProperties, {}, --tweakClass, cpw.mods.fml.common.launcher.FMLTweaker, --accessToken, {REDACTED}, --assetIndex, 1.7.10, --assetsDir, C:/Users/Habib/.gradle/caches/minecraft/assets, --version, 1.7.10]
[17:14:15] [main/INFO] [LaunchWrapper]: Loading tweak class name cpw.mods.fml.common.launcher.FMLTweaker
[17:14:15] [main/INFO] [LaunchWrapper]: Using primary tweak class name cpw.mods.fml.common.launcher.FMLTweaker
[17:14:15] [main/INFO] [LaunchWrapper]: Calling tweak class cpw.mods.fml.common.launcher.FMLTweaker
[17:20:33] [main/INFO] [GradleStart]: No arguments specified, assuming client.
[17:20:33] [main/INFO] [GradleStart]: Extra: []
[17:20:33] [main/INFO] [GradleStart]: Running with arguments: [--userProperties, {}, --tweakClass, cpw.mods.fml.common.launcher.FMLTweaker, --accessToken, {REDACTED}, --assetIndex, 1.7.10, --assetsDir, C:/Users/Habib/.gradle/caches/minecraft/assets, --version, 1.7.10]
[17:20:33] [main/INFO] [LaunchWrapper]: Loading tweak class name cpw.mods.fml.common.launcher.FMLTweaker
[17:20:33] [main/INFO] [LaunchWrapper]: Using primary tweak class name cpw.mods.fml.common.launcher.FMLTweaker
[17:20:33] [main/INFO] [LaunchWrapper]: Calling tweak class cpw.mods.fml.common.launcher.FMLTweaker
[17:23:19] [main/INFO] [GradleStart]: No arguments specified, assuming client.
[17:23:19] [main/INFO] [GradleStart]: Extra: []
[17:23:19] [main/INFO] [GradleStart]: Running with arguments: [--userProperties, {}, --tweakClass, cpw.mods.fml.common.launcher.FMLTweaker, --accessToken, {REDACTED}, --assetIndex, 1.7.10, --assetsDir, C:/Users/Habib/.gradle/caches/minecraft/assets, --version, 1.7.10]
[17:23:19] [main/INFO] [LaunchWrapper]: Loading tweak class name cpw.mods.fml.common.launcher.FMLTweaker
[17:23:19] [main/INFO] [LaunchWrapper]: Using primary tweak class name cpw.mods.fml.common.launcher.FMLTweaker
[17:23:19] [main/INFO] [LaunchWrapper]: Calling tweak class cpw.mods.fml.common.launcher.FMLTweaker
[17:24:46] [main/INFO] [GradleStart]: No arguments specified, assuming client.
[17:24:46] [main/INFO] [GradleStart]: Extra: []
[17:24:46] [main/INFO] [GradleStart]: Running with arguments: [--userProperties, {}, --tweakClass, cpw.mods.fml.common.launcher.FMLTweaker, --accessToken, {REDACTED}, --assetIndex, 1.7.10, --assetsDir, C:/Users/Habib/.gradle/caches/minecraft/assets, --version, 1.7.10]
[17:24:46] [main/INFO] [LaunchWrapper]: Loading tweak class name cpw.mods.fml.common.launcher.FMLTweaker
[17:24:46] [main/INFO] [LaunchWrapper]: Using primary tweak class name cpw.mods.fml.common.launcher.FMLTweaker
[17:24:46] [main/INFO] [LaunchWrapper]: Calling tweak class cpw.mods.fml.common.launcher.FMLTweaker
